[0.007s] Invoking command in '/home/reefranger/ros2_test/src/usb_cam/build/usb_cam': CMAKE_PREFIX_PATH=${CMAKE_PREFIX_PATH}:/opt/ros/humble /usr/bin/cmake /home/reefranger/ros2_test/src/usb_cam -DCMAKE_INSTALL_PREFIX=/home/reefranger/ros2_test/src/usb_cam/install/usb_cam
[0.049s] -- The C compiler identification is GNU 11.4.0
[0.088s] -- The CXX compiler identification is GNU 11.4.0
[0.093s] -- Detecting C compiler ABI info
[0.145s] -- Detecting C compiler ABI info - done
[0.150s] -- Check for working C compiler: /usr/bin/cc - skipped
[0.150s] -- Detecting C compile features
[0.150s] -- Detecting C compile features - done
[0.152s] -- Detecting CXX compiler ABI info
[0.210s] -- Detecting CXX compiler ABI info - done
[0.215s] -- Check for working CXX compiler: /usr/bin/c++ - skipped
[0.215s] -- Detecting CXX compile features
[0.215s] -- Detecting CXX compile features - done
[0.217s] -- Found ament_cmake_auto: 1.3.10 (/opt/ros/humble/share/ament_cmake_auto/cmake)
[0.454s] -- Found Python3: /usr/bin/python3 (found version "3.10.12") found components: Interpreter 
[0.601s] -- Found rosidl_generator_c: 3.1.5 (/opt/ros/humble/share/rosidl_generator_c/cmake)
[0.605s] -- Found rosidl_adapter: 3.1.5 (/opt/ros/humble/share/rosidl_adapter/cmake)
[0.611s] -- Found rosidl_generator_cpp: 3.1.5 (/opt/ros/humble/share/rosidl_generator_cpp/cmake)
[0.621s] -- Using all available rosidl_typesupport_c: rosidl_typesupport_fastrtps_c;rosidl_typesupport_introspection_c
[0.633s] -- Using all available rosidl_typesupport_cpp: rosidl_typesupport_fastrtps_cpp;rosidl_typesupport_introspection_cpp
[0.666s] -- Found rmw_implementation_cmake: 6.1.2 (/opt/ros/humble/share/rmw_implementation_cmake/cmake)
[0.669s] -- Found rmw_fastrtps_cpp: 6.2.7 (/opt/ros/humble/share/rmw_fastrtps_cpp/cmake)
[0.742s] -- Found OpenSSL: /usr/lib/x86_64-linux-gnu/libcrypto.so (found version "3.0.2")  
[0.765s] -- Found FastRTPS: /opt/ros/humble/include  
[0.799s] -- Using RMW implementation 'rmw_fastrtps_cpp' as default
[0.806s] -- Looking for pthread.h
[0.860s] -- Looking for pthread.h - found
[0.860s] -- Performing Test CMAKE_HAVE_LIBC_PTHREAD
[0.913s] -- Performing Test CMAKE_HAVE_LIBC_PTHREAD - Success
[0.914s] -- Found Threads: TRUE  
[1.066s] -- Found OpenCV: /usr/local (found version "4.6.0") 
[1.070s] -- Found PkgConfig: /usr/bin/pkg-config (found version "0.29.2") 
[1.070s] -- Checking for module 'libavcodec'
[1.081s] --   Found libavcodec, version 58.134.100
[1.110s] -- Checking for module 'libavutil'
[1.121s] --   Found libavutil, version 56.70.100
[1.149s] -- Checking for module 'libswscale'
[1.160s] --   Found libswscale, version 5.9.100
[1.191s] -- Found ament_lint_auto: 0.12.11 (/opt/ros/humble/share/ament_lint_auto/cmake)
[1.211s] -- Found gtest sources under '/opt/ros/humble/src/gtest_vendor': C++ tests using 'Google Test' will be built
[1.217s] -- Added test 'copyright' to check source files copyright and LICENSE
[1.225s] -- Added test 'cppcheck' to perform static code analysis on C / C++ code
[1.226s] -- Configured cppcheck include dirs: /home/reefranger/ros2_test/src/usb_cam/include
[1.226s] -- Configured cppcheck exclude dirs and/or files: 
[1.234s] -- Added test 'cpplint' to check C / C++ code against the Google style
[1.234s] -- Configured cpplint exclude dirs and/or files: 
[1.235s] -- Added test 'flake8' to check Python code syntax and style conventions
[1.237s] -- Added test 'lint_cmake' to check CMake code style
[1.238s] -- Added test 'pep257' to check Python code against some of the docstring style conventions in PEP 257
[1.247s] -- Added test 'uncrustify' to check C / C++ code style
[1.247s] -- Configured uncrustify additional arguments: 
[1.248s] -- Added test 'xmllint' to check XML markup files
[1.250s] -- Configuring done
[1.267s] -- Generating done
[1.268s] -- Build files have been written to: /home/reefranger/ros2_test/src/usb_cam/build/usb_cam
[1.276s] Invoked command in '/home/reefranger/ros2_test/src/usb_cam/build/usb_cam' returned '0': CMAKE_PREFIX_PATH=${CMAKE_PREFIX_PATH}:/opt/ros/humble /usr/bin/cmake /home/reefranger/ros2_test/src/usb_cam -DCMAKE_INSTALL_PREFIX=/home/reefranger/ros2_test/src/usb_cam/install/usb_cam
[1.277s] Invoking command in '/home/reefranger/ros2_test/src/usb_cam/build/usb_cam': CMAKE_PREFIX_PATH=${CMAKE_PREFIX_PATH}:/opt/ros/humble /usr/bin/cmake --build /home/reefranger/ros2_test/src/usb_cam/build/usb_cam -- -j12 -l12
[1.315s] [ 21%] [32mBuilding CXX object CMakeFiles/usb_cam_node_exe.dir/rclcpp_components/node_main_usb_cam_node_exe.cpp.o[0m
[1.315s] [ 21%] [32mBuilding CXX object gtest/CMakeFiles/gtest_main.dir/src/gtest_main.cc.o[0m
[1.315s] [ 21%] [32mBuilding CXX object CMakeFiles/usb_cam.dir/src/usb_cam.cpp.o[0m
[1.316s] [ 28%] [32mBuilding CXX object gtest/CMakeFiles/gtest.dir/src/gtest-all.cc.o[0m
[1.927s] [ 35%] [32m[1mLinking CXX static library libgtest_main.a[0m
[1.953s] [ 35%] Built target gtest_main
[2.531s] [ 42%] [32m[1mLinking CXX shared library libusb_cam.so[0m
[2.620s] [ 42%] Built target usb_cam
[2.636s] [ 50%] [32mBuilding CXX object CMakeFiles/usb_cam_node.dir/src/ros2/usb_cam_node.cpp.o[0m
[3.321s] [ 57%] [32m[1mLinking CXX static library libgtest.a[0m
[3.368s] [ 57%] Built target gtest
[3.383s] [ 64%] [32mBuilding CXX object CMakeFiles/test_usb_cam_utils.dir/test/test_usb_cam_utils.cpp.o[0m
[3.383s] [ 71%] [32mBuilding CXX object CMakeFiles/test_pixel_formats.dir/test/test_pixel_formats.cpp.o[0m
[3.454s] [ 78%] [32m[1mLinking CXX executable usb_cam_node_exe[0m
[3.538s] [ 78%] Built target usb_cam_node_exe
[4.236s] [ 85%] [32m[1mLinking CXX executable test_usb_cam_utils[0m
[4.338s] [ 85%] Built target test_usb_cam_utils
[4.437s] [ 92%] [32m[1mLinking CXX executable test_pixel_formats[0m
[4.526s] [ 92%] Built target test_pixel_formats
[7.673s] [100%] [32m[1mLinking CXX shared library libusb_cam_node.so[0m
[7.889s] [100%] Built target usb_cam_node
[7.900s] Invoked command in '/home/reefranger/ros2_test/src/usb_cam/build/usb_cam' returned '0': CMAKE_PREFIX_PATH=${CMAKE_PREFIX_PATH}:/opt/ros/humble /usr/bin/cmake --build /home/reefranger/ros2_test/src/usb_cam/build/usb_cam -- -j12 -l12
[7.940s] Invoking command in '/home/reefranger/ros2_test/src/usb_cam/build/usb_cam': CMAKE_PREFIX_PATH=${CMAKE_PREFIX_PATH}:/opt/ros/humble /usr/bin/cmake --install /home/reefranger/ros2_test/src/usb_cam/build/usb_cam
[7.945s] -- Install configuration: ""
[7.945s] -- Installing: /home/reefranger/ros2_test/src/usb_cam/install/usb_cam/share/usb_cam/environment/library_path.sh
[7.946s] -- Installing: /home/reefranger/ros2_test/src/usb_cam/install/usb_cam/share/usb_cam/environment/library_path.dsv
[7.946s] -- Installing: /home/reefranger/ros2_test/src/usb_cam/install/usb_cam/lib/usb_cam/usb_cam_node_exe
[7.946s] -- Set runtime path of "/home/reefranger/ros2_test/src/usb_cam/install/usb_cam/lib/usb_cam/usb_cam_node_exe" to ""
[7.946s] -- Installing: /home/reefranger/ros2_test/src/usb_cam/install/usb_cam/lib/usb_cam/show_image.py
[7.946s] -- Installing: /home/reefranger/ros2_test/src/usb_cam/install/usb_cam/lib/libusb_cam.so
[7.947s] -- Set runtime path of "/home/reefranger/ros2_test/src/usb_cam/install/usb_cam/lib/libusb_cam.so" to ""
[7.947s] -- Installing: /home/reefranger/ros2_test/src/usb_cam/install/usb_cam/lib/libusb_cam_node.so
[7.950s] -- Set runtime path of "/home/reefranger/ros2_test/src/usb_cam/install/usb_cam/lib/libusb_cam_node.so" to ""
[7.950s] -- Installing: /home/reefranger/ros2_test/src/usb_cam/install/usb_cam/include
[7.951s] -- Installing: /home/reefranger/ros2_test/src/usb_cam/install/usb_cam/include/usb_cam
[7.951s] -- Installing: /home/reefranger/ros2_test/src/usb_cam/install/usb_cam/include/usb_cam/conversions.hpp
[7.951s] -- Installing: /home/reefranger/ros2_test/src/usb_cam/install/usb_cam/include/usb_cam/formats
[7.951s] -- Installing: /home/reefranger/ros2_test/src/usb_cam/install/usb_cam/include/usb_cam/formats/pixel_format_base.hpp
[7.951s] -- Installing: /home/reefranger/ros2_test/src/usb_cam/install/usb_cam/include/usb_cam/formats/m420.hpp
[7.951s] -- Installing: /home/reefranger/ros2_test/src/usb_cam/install/usb_cam/include/usb_cam/formats/yuyv.hpp
[7.951s] -- Installing: /home/reefranger/ros2_test/src/usb_cam/install/usb_cam/include/usb_cam/formats/rgb.hpp
[7.951s] -- Installing: /home/reefranger/ros2_test/src/usb_cam/install/usb_cam/include/usb_cam/formats/uyvy.hpp
[7.951s] -- Installing: /home/reefranger/ros2_test/src/usb_cam/install/usb_cam/include/usb_cam/formats/av_pixel_format_helper.hpp
[7.951s] -- Installing: /home/reefranger/ros2_test/src/usb_cam/install/usb_cam/include/usb_cam/formats/utils.hpp
[7.951s] -- Installing: /home/reefranger/ros2_test/src/usb_cam/install/usb_cam/include/usb_cam/formats/mono.hpp
[7.951s] -- Installing: /home/reefranger/ros2_test/src/usb_cam/install/usb_cam/include/usb_cam/formats/mjpeg.hpp
[7.952s] -- Installing: /home/reefranger/ros2_test/src/usb_cam/install/usb_cam/include/usb_cam/utils.hpp
[7.952s] -- Installing: /home/reefranger/ros2_test/src/usb_cam/install/usb_cam/include/usb_cam/usb_cam.hpp
[7.952s] -- Installing: /home/reefranger/ros2_test/src/usb_cam/install/usb_cam/include/usb_cam/constants.hpp
[7.952s] -- Installing: /home/reefranger/ros2_test/src/usb_cam/install/usb_cam/include/usb_cam/usb_cam_node.hpp
[7.952s] -- Up-to-date: /home/reefranger/ros2_test/src/usb_cam/install/usb_cam/lib/libusb_cam_node.so
[7.952s] -- Installing: /home/reefranger/ros2_test/src/usb_cam/install/usb_cam/share/usb_cam/launch
[7.952s] -- Installing: /home/reefranger/ros2_test/src/usb_cam/install/usb_cam/share/usb_cam/launch/camera_config.py
[7.952s] -- Installing: /home/reefranger/ros2_test/src/usb_cam/install/usb_cam/share/usb_cam/launch/camera.launch.py
[7.952s] -- Installing: /home/reefranger/ros2_test/src/usb_cam/install/usb_cam/share/usb_cam/launch/__init__.py
[7.952s] -- Installing: /home/reefranger/ros2_test/src/usb_cam/install/usb_cam/share/usb_cam/config
[7.953s] -- Installing: /home/reefranger/ros2_test/src/usb_cam/install/usb_cam/share/usb_cam/config/camera_info.yaml
[7.953s] -- Installing: /home/reefranger/ros2_test/src/usb_cam/install/usb_cam/share/usb_cam/config/params_1.yaml
[7.953s] -- Installing: /home/reefranger/ros2_test/src/usb_cam/install/usb_cam/share/usb_cam/config/params_2.yaml
[7.953s] -- Installing: /home/reefranger/ros2_test/src/usb_cam/install/usb_cam/share/ament_index/resource_index/package_run_dependencies/usb_cam
[7.953s] -- Installing: /home/reefranger/ros2_test/src/usb_cam/install/usb_cam/share/ament_index/resource_index/parent_prefix_path/usb_cam
[7.953s] -- Installing: /home/reefranger/ros2_test/src/usb_cam/install/usb_cam/share/usb_cam/environment/ament_prefix_path.sh
[7.953s] -- Installing: /home/reefranger/ros2_test/src/usb_cam/install/usb_cam/share/usb_cam/environment/ament_prefix_path.dsv
[7.954s] -- Installing: /home/reefranger/ros2_test/src/usb_cam/install/usb_cam/share/usb_cam/environment/path.sh
[7.954s] -- Installing: /home/reefranger/ros2_test/src/usb_cam/install/usb_cam/share/usb_cam/environment/path.dsv
[7.954s] -- Installing: /home/reefranger/ros2_test/src/usb_cam/install/usb_cam/share/usb_cam/local_setup.bash
[7.954s] -- Installing: /home/reefranger/ros2_test/src/usb_cam/install/usb_cam/share/usb_cam/local_setup.sh
[7.954s] -- Installing: /home/reefranger/ros2_test/src/usb_cam/install/usb_cam/share/usb_cam/local_setup.zsh
[7.954s] -- Installing: /home/reefranger/ros2_test/src/usb_cam/install/usb_cam/share/usb_cam/local_setup.dsv
[7.954s] -- Installing: /home/reefranger/ros2_test/src/usb_cam/install/usb_cam/share/usb_cam/package.dsv
[7.954s] -- Installing: /home/reefranger/ros2_test/src/usb_cam/install/usb_cam/share/ament_index/resource_index/packages/usb_cam
[7.955s] -- Installing: /home/reefranger/ros2_test/src/usb_cam/install/usb_cam/share/ament_index/resource_index/rclcpp_components/usb_cam
[7.955s] -- Installing: /home/reefranger/ros2_test/src/usb_cam/install/usb_cam/share/usb_cam/cmake/ament_cmake_export_libraries-extras.cmake
[7.955s] -- Installing: /home/reefranger/ros2_test/src/usb_cam/install/usb_cam/share/usb_cam/cmake/ament_cmake_export_dependencies-extras.cmake
[7.955s] -- Installing: /home/reefranger/ros2_test/src/usb_cam/install/usb_cam/share/usb_cam/cmake/ament_cmake_export_include_directories-extras.cmake
[7.955s] -- Installing: /home/reefranger/ros2_test/src/usb_cam/install/usb_cam/share/usb_cam/cmake/usb_camConfig.cmake
[7.955s] -- Installing: /home/reefranger/ros2_test/src/usb_cam/install/usb_cam/share/usb_cam/cmake/usb_camConfig-version.cmake
[7.955s] -- Installing: /home/reefranger/ros2_test/src/usb_cam/install/usb_cam/share/usb_cam/package.xml
[7.957s] Invoked command in '/home/reefranger/ros2_test/src/usb_cam/build/usb_cam' returned '0': CMAKE_PREFIX_PATH=${CMAKE_PREFIX_PATH}:/opt/ros/humble /usr/bin/cmake --install /home/reefranger/ros2_test/src/usb_cam/build/usb_cam
