[0.080s] [34mcolcon[0m [1;30mDEBUG[0m [32mCommand line arguments: ['/usr/bin/colcon', 'build'][0m
[0.080s] [34mcolcon[0m [1;30mDEBUG[0m [32mParsed command line arguments: Namespace(log_base=None, log_level=None, verb_name='build', build_base='build', install_base='install', merge_install=False, symlink_install=False, test_result_base=None, continue_on_error=False, executor='parallel', parallel_workers=12, event_handlers=None, ignore_user_meta=False, metas=['./colcon.meta'], base_paths=['.'], packages_ignore=None, packages_ignore_regex=None, paths=None, packages_up_to=None, packages_up_to_regex=None, packages_above=None, packages_above_and_dependencies=None, packages_above_depth=None, packages_select_by_dep=None, packages_skip_by_dep=None, packages_skip_up_to=None, packages_select_build_failed=False, packages_skip_build_finished=False, packages_select_test_failures=False, packages_skip_test_passed=False, packages_select=None, packages_skip=None, packages_select_regex=None, packages_skip_regex=None, packages_start=None, packages_end=None, allow_overriding=[], cmake_args=None, cmake_target=None, cmake_target_skip_unavailable=False, cmake_clean_cache=False, cmake_clean_first=False, cmake_force_configure=False, ament_cmake_args=None, catkin_cmake_args=None, catkin_skip_building_tests=False, mixin_files=None, mixin=None, verb_parser=<colcon_mixin.mixin.mixin_argument.MixinArgumentDecorator object at 0x7c192bac6770>, verb_extension=<colcon_core.verb.build.BuildVerb object at 0x7c192bac61a0>, main=<bound method BuildVerb.main of <colcon_core.verb.build.BuildVerb object at 0x7c192bac61a0>>, mixin_verb=('build',))[0m
[0.104s] [34mcolcon.colcon_core.package_discovery[0m [1;30mLevel 1[0m discover_packages(colcon_meta) check parameters
[0.104s] [34mcolcon.colcon_core.package_discovery[0m [1;30mLevel 1[0m discover_packages(recursive) check parameters
[0.104s] [34mcolcon.colcon_core.package_discovery[0m [1;30mLevel 1[0m discover_packages(ignore) check parameters
[0.104s] [34mcolcon.colcon_core.package_discovery[0m [1;30mLevel 1[0m discover_packages(path) check parameters
[0.104s] [34mcolcon.colcon_core.package_discovery[0m [1;30mLevel 1[0m discover_packages(colcon_meta) discover
[0.104s] [34mcolcon.colcon_core.package_discovery[0m [1;30mLevel 1[0m discover_packages(recursive) discover
[0.104s] [34mcolcon.colcon_core.package_discovery[0m [1;30mINFO[0m Crawling recursively for packages in '/home/reefranger/ros2_test/src/usb_cam'
[0.104s] [34mcolcon.colcon_core.package_identification[0m [1;30mLevel 1[0m _identify(.) by extensions ['ignore', 'ignore_ament_install']
[0.104s] [34mcolcon.colcon_core.package_identification[0m [1;30mLevel 1[0m _identify(.) by extension 'ignore'
[0.105s] [34mcolcon.colcon_core.package_identification[0m [1;30mLevel 1[0m _identify(.) by extension 'ignore_ament_install'
[0.105s] [34mcolcon.colcon_core.package_identification[0m [1;30mLevel 1[0m _identify(.) by extensions ['colcon_pkg']
[0.105s] [34mcolcon.colcon_core.package_identification[0m [1;30mLevel 1[0m _identify(.) by extension 'colcon_pkg'
[0.105s] [34mcolcon.colcon_core.package_identification[0m [1;30mLevel 1[0m _identify(.) by extensions ['colcon_meta']
[0.105s] [34mcolcon.colcon_core.package_identification[0m [1;30mLevel 1[0m _identify(.) by extension 'colcon_meta'
[0.105s] [34mcolcon.colcon_core.package_identification[0m [1;30mLevel 1[0m _identify(.) by extensions ['ros']
[0.105s] [34mcolcon.colcon_core.package_identification[0m [1;30mLevel 1[0m _identify(.) by extension 'ros'
[0.120s] [34mcolcon.colcon_core.package_identification[0m [1;30mDEBUG[0m [32mPackage '.' with type 'ros.ament_cmake' and name 'usb_cam'[0m
[0.120s] [34mcolcon.colcon_core.package_discovery[0m [1;30mLevel 1[0m discover_packages(recursive) using defaults
[0.120s] [34mcolcon.colcon_core.package_discovery[0m [1;30mLevel 1[0m discover_packages(ignore) discover
[0.120s] [34mcolcon.colcon_core.package_discovery[0m [1;30mLevel 1[0m discover_packages(ignore) using defaults
[0.120s] [34mcolcon.colcon_core.package_discovery[0m [1;30mLevel 1[0m discover_packages(path) discover
[0.120s] [34mcolcon.colcon_core.package_discovery[0m [1;30mLevel 1[0m discover_packages(path) using defaults
[0.130s] [34mcolcon.colcon_core.package_discovery[0m [1;30mLevel 1[0m discover_packages(prefix_path) check parameters
[0.130s] [34mcolcon.colcon_core.package_discovery[0m [1;30mLevel 1[0m discover_packages(prefix_path) discover
[0.131s] [34mcolcon.colcon_installed_package_information.package_discovery[0m [1;30mDEBUG[0m [32mFound 2 installed packages in /home/reefranger/ros2_test/install[0m
[0.133s] [34mcolcon.colcon_installed_package_information.package_discovery[0m [1;30mDEBUG[0m [32mFound 417 installed packages in /opt/ros/humble[0m
[0.134s] [34mcolcon.colcon_core.package_discovery[0m [1;30mLevel 1[0m discover_packages(prefix_path) using defaults
[0.171s] [34mcolcon.colcon_core.verb[0m [1;30mLevel 5[0m set package 'usb_cam' build argument 'cmake_args' from command line to 'None'
[0.171s] [34mcolcon.colcon_core.verb[0m [1;30mLevel 5[0m set package 'usb_cam' build argument 'cmake_target' from command line to 'None'
[0.171s] [34mcolcon.colcon_core.verb[0m [1;30mLevel 5[0m set package 'usb_cam' build argument 'cmake_target_skip_unavailable' from command line to 'False'
[0.171s] [34mcolcon.colcon_core.verb[0m [1;30mLevel 5[0m set package 'usb_cam' build argument 'cmake_clean_cache' from command line to 'False'
[0.171s] [34mcolcon.colcon_core.verb[0m [1;30mLevel 5[0m set package 'usb_cam' build argument 'cmake_clean_first' from command line to 'False'
[0.171s] [34mcolcon.colcon_core.verb[0m [1;30mLevel 5[0m set package 'usb_cam' build argument 'cmake_force_configure' from command line to 'False'
[0.171s] [34mcolcon.colcon_core.verb[0m [1;30mLevel 5[0m set package 'usb_cam' build argument 'ament_cmake_args' from command line to 'None'
[0.171s] [34mcolcon.colcon_core.verb[0m [1;30mLevel 5[0m set package 'usb_cam' build argument 'catkin_cmake_args' from command line to 'None'
[0.171s] [34mcolcon.colcon_core.verb[0m [1;30mLevel 5[0m set package 'usb_cam' build argument 'catkin_skip_building_tests' from command line to 'False'
[0.171s] [34mcolcon.colcon_core.verb[0m [1;30mDEBUG[0m [32mBuilding package 'usb_cam' with the following arguments: {'ament_cmake_args': None, 'build_base': '/home/reefranger/ros2_test/src/usb_cam/build/usb_cam', 'catkin_cmake_args': None, 'catkin_skip_building_tests': False, 'cmake_args': None, 'cmake_clean_cache': False, 'cmake_clean_first': False, 'cmake_force_configure': False, 'cmake_target': None, 'cmake_target_skip_unavailable': False, 'install_base': '/home/reefranger/ros2_test/src/usb_cam/install/usb_cam', 'merge_install': False, 'path': '/home/reefranger/ros2_test/src/usb_cam', 'symlink_install': False, 'test_result_base': None}[0m
[0.171s] [34mcolcon.colcon_core.executor[0m [1;30mINFO[0m Executing jobs using 'parallel' executor
[0.172s] [34mcolcon.colcon_parallel_executor.executor.parallel[0m [1;30mDEBUG[0m [32mrun_until_complete[0m
[0.172s] [34mcolcon.colcon_ros.task.ament_cmake.build[0m [1;30mINFO[0m Building ROS package in '/home/reefranger/ros2_test/src/usb_cam' with build type 'ament_cmake'
[0.172s] [34mcolcon.colcon_cmake.task.cmake.build[0m [1;30mINFO[0m Building CMake package in '/home/reefranger/ros2_test/src/usb_cam'
[0.173s] [34mcolcon.colcon_core.plugin_system[0m [1;30mINFO[0m Skipping extension 'colcon_core.shell.bat': Not used on non-Windows systems
[0.173s] [34mcolcon.colcon_core.shell[0m [1;30mINFO[0m Skip shell extension 'powershell' for command environment: Not usable outside of PowerShell
[0.173s] [34mcolcon.colcon_core.shell[0m [1;30mDEBUG[0m [32mSkip shell extension 'dsv' for command environment[0m
[0.179s] [34mcolcon.colcon_core.event_handler.log_command[0m [1;30mDEBUG[0m [32mInvoking command in '/home/reefranger/ros2_test/src/usb_cam/build/usb_cam': CMAKE_PREFIX_PATH=${CMAKE_PREFIX_PATH}:/opt/ros/humble /usr/bin/cmake /home/reefranger/ros2_test/src/usb_cam -DCMAKE_INSTALL_PREFIX=/home/reefranger/ros2_test/src/usb_cam/install/usb_cam[0m
[1.448s] [34mcolcon.colcon_core.event_handler.log_command[0m [1;30mDEBUG[0m [32mInvoked command in '/home/reefranger/ros2_test/src/usb_cam/build/usb_cam' returned '0': CMAKE_PREFIX_PATH=${CMAKE_PREFIX_PATH}:/opt/ros/humble /usr/bin/cmake /home/reefranger/ros2_test/src/usb_cam -DCMAKE_INSTALL_PREFIX=/home/reefranger/ros2_test/src/usb_cam/install/usb_cam[0m
[1.449s] [34mcolcon.colcon_core.event_handler.log_command[0m [1;30mDEBUG[0m [32mInvoking command in '/home/reefranger/ros2_test/src/usb_cam/build/usb_cam': CMAKE_PREFIX_PATH=${CMAKE_PREFIX_PATH}:/opt/ros/humble /usr/bin/cmake --build /home/reefranger/ros2_test/src/usb_cam/build/usb_cam -- -j12 -l12[0m
[8.072s] [34mcolcon.colcon_core.event_handler.log_command[0m [1;30mDEBUG[0m [32mInvoked command in '/home/reefranger/ros2_test/src/usb_cam/build/usb_cam' returned '0': CMAKE_PREFIX_PATH=${CMAKE_PREFIX_PATH}:/opt/ros/humble /usr/bin/cmake --build /home/reefranger/ros2_test/src/usb_cam/build/usb_cam -- -j12 -l12[0m
[8.112s] [34mcolcon.colcon_core.event_handler.log_command[0m [1;30mDEBUG[0m [32mInvoking command in '/home/reefranger/ros2_test/src/usb_cam/build/usb_cam': CMAKE_PREFIX_PATH=${CMAKE_PREFIX_PATH}:/opt/ros/humble /usr/bin/cmake --install /home/reefranger/ros2_test/src/usb_cam/build/usb_cam[0m
[8.128s] [34mcolcon.colcon_core.environment[0m [1;30mLevel 1[0m create_environment_scripts_only(usb_cam)
[8.129s] [34mcolcon.colcon_core.event_handler.log_command[0m [1;30mDEBUG[0m [32mInvoked command in '/home/reefranger/ros2_test/src/usb_cam/build/usb_cam' returned '0': CMAKE_PREFIX_PATH=${CMAKE_PREFIX_PATH}:/opt/ros/humble /usr/bin/cmake --install /home/reefranger/ros2_test/src/usb_cam/build/usb_cam[0m
[8.130s] [34mcolcon.colcon_core.environment[0m [1;30mLevel 1[0m checking '/home/reefranger/ros2_test/src/usb_cam/install/usb_cam' for CMake module files
[8.131s] [34mcolcon.colcon_core.environment[0m [1;30mLevel 1[0m checking '/home/reefranger/ros2_test/src/usb_cam/install/usb_cam' for CMake config files
[8.131s] [34mcolcon.colcon_core.shell[0m [1;30mLevel 1[0m create_environment_hook('usb_cam', 'cmake_prefix_path')
[8.131s] [34mcolcon.colcon_core.shell[0m [1;30mINFO[0m Creating environment hook '/home/reefranger/ros2_test/src/usb_cam/install/usb_cam/share/usb_cam/hook/cmake_prefix_path.ps1'
[8.131s] [34mcolcon.colcon_core.shell[0m [1;30mINFO[0m Creating environment descriptor '/home/reefranger/ros2_test/src/usb_cam/install/usb_cam/share/usb_cam/hook/cmake_prefix_path.dsv'
[8.132s] [34mcolcon.colcon_core.shell[0m [1;30mINFO[0m Creating environment hook '/home/reefranger/ros2_test/src/usb_cam/install/usb_cam/share/usb_cam/hook/cmake_prefix_path.sh'
[8.132s] [34mcolcon.colcon_core.environment[0m [1;30mLevel 1[0m checking '/home/reefranger/ros2_test/src/usb_cam/install/usb_cam/lib'
[8.132s] [34mcolcon.colcon_core.shell[0m [1;30mLevel 1[0m create_environment_hook('usb_cam', 'ld_library_path_lib')
[8.132s] [34mcolcon.colcon_core.shell[0m [1;30mINFO[0m Creating environment hook '/home/reefranger/ros2_test/src/usb_cam/install/usb_cam/share/usb_cam/hook/ld_library_path_lib.ps1'
[8.133s] [34mcolcon.colcon_core.shell[0m [1;30mINFO[0m Creating environment descriptor '/home/reefranger/ros2_test/src/usb_cam/install/usb_cam/share/usb_cam/hook/ld_library_path_lib.dsv'
[8.133s] [34mcolcon.colcon_core.shell[0m [1;30mINFO[0m Creating environment hook '/home/reefranger/ros2_test/src/usb_cam/install/usb_cam/share/usb_cam/hook/ld_library_path_lib.sh'
[8.133s] [34mcolcon.colcon_core.environment[0m [1;30mLevel 1[0m checking '/home/reefranger/ros2_test/src/usb_cam/install/usb_cam/bin'
[8.133s] [34mcolcon.colcon_core.environment[0m [1;30mLevel 1[0m checking '/home/reefranger/ros2_test/src/usb_cam/install/usb_cam/lib/pkgconfig/usb_cam.pc'
[8.133s] [34mcolcon.colcon_core.environment[0m [1;30mLevel 1[0m checking '/home/reefranger/ros2_test/src/usb_cam/install/usb_cam/lib/python3.10/site-packages'
[8.133s] [34mcolcon.colcon_core.environment[0m [1;30mLevel 1[0m checking '/home/reefranger/ros2_test/src/usb_cam/install/usb_cam/bin'
[8.134s] [34mcolcon.colcon_core.shell[0m [1;30mINFO[0m Creating package script '/home/reefranger/ros2_test/src/usb_cam/install/usb_cam/share/usb_cam/package.ps1'
[8.134s] [34mcolcon.colcon_core.shell[0m [1;30mINFO[0m Creating package descriptor '/home/reefranger/ros2_test/src/usb_cam/install/usb_cam/share/usb_cam/package.dsv'
[8.134s] [34mcolcon.colcon_core.shell[0m [1;30mINFO[0m Creating package script '/home/reefranger/ros2_test/src/usb_cam/install/usb_cam/share/usb_cam/package.sh'
[8.135s] [34mcolcon.colcon_core.shell[0m [1;30mINFO[0m Creating package script '/home/reefranger/ros2_test/src/usb_cam/install/usb_cam/share/usb_cam/package.bash'
[8.135s] [34mcolcon.colcon_core.shell[0m [1;30mINFO[0m Creating package script '/home/reefranger/ros2_test/src/usb_cam/install/usb_cam/share/usb_cam/package.zsh'
[8.136s] [34mcolcon.colcon_core.environment[0m [1;30mLevel 1[0m create_file_with_runtime_dependencies(/home/reefranger/ros2_test/src/usb_cam/install/usb_cam/share/colcon-core/packages/usb_cam)
[8.170s] [34mcolcon.colcon_core.environment[0m [1;30mLevel 1[0m create_environment_scripts_only(usb_cam)
[8.170s] [34mcolcon.colcon_core.environment[0m [1;30mLevel 1[0m checking '/home/reefranger/ros2_test/src/usb_cam/install/usb_cam' for CMake module files
[8.171s] [34mcolcon.colcon_core.environment[0m [1;30mLevel 1[0m checking '/home/reefranger/ros2_test/src/usb_cam/install/usb_cam' for CMake config files
[8.171s] [34mcolcon.colcon_core.shell[0m [1;30mLevel 1[0m create_environment_hook('usb_cam', 'cmake_prefix_path')
[8.171s] [34mcolcon.colcon_core.shell[0m [1;30mINFO[0m Creating environment hook '/home/reefranger/ros2_test/src/usb_cam/install/usb_cam/share/usb_cam/hook/cmake_prefix_path.ps1'
[8.171s] [34mcolcon.colcon_core.shell[0m [1;30mINFO[0m Creating environment descriptor '/home/reefranger/ros2_test/src/usb_cam/install/usb_cam/share/usb_cam/hook/cmake_prefix_path.dsv'
[8.172s] [34mcolcon.colcon_core.shell[0m [1;30mINFO[0m Creating environment hook '/home/reefranger/ros2_test/src/usb_cam/install/usb_cam/share/usb_cam/hook/cmake_prefix_path.sh'
[8.172s] [34mcolcon.colcon_core.environment[0m [1;30mLevel 1[0m checking '/home/reefranger/ros2_test/src/usb_cam/install/usb_cam/lib'
[8.172s] [34mcolcon.colcon_core.shell[0m [1;30mLevel 1[0m create_environment_hook('usb_cam', 'ld_library_path_lib')
[8.172s] [34mcolcon.colcon_core.shell[0m [1;30mINFO[0m Creating environment hook '/home/reefranger/ros2_test/src/usb_cam/install/usb_cam/share/usb_cam/hook/ld_library_path_lib.ps1'
[8.172s] [34mcolcon.colcon_core.shell[0m [1;30mINFO[0m Creating environment descriptor '/home/reefranger/ros2_test/src/usb_cam/install/usb_cam/share/usb_cam/hook/ld_library_path_lib.dsv'
[8.173s] [34mcolcon.colcon_core.shell[0m [1;30mINFO[0m Creating environment hook '/home/reefranger/ros2_test/src/usb_cam/install/usb_cam/share/usb_cam/hook/ld_library_path_lib.sh'
[8.173s] [34mcolcon.colcon_core.environment[0m [1;30mLevel 1[0m checking '/home/reefranger/ros2_test/src/usb_cam/install/usb_cam/bin'
[8.173s] [34mcolcon.colcon_core.environment[0m [1;30mLevel 1[0m checking '/home/reefranger/ros2_test/src/usb_cam/install/usb_cam/lib/pkgconfig/usb_cam.pc'
[8.173s] [34mcolcon.colcon_core.environment[0m [1;30mLevel 1[0m checking '/home/reefranger/ros2_test/src/usb_cam/install/usb_cam/lib/python3.10/site-packages'
[8.173s] [34mcolcon.colcon_core.environment[0m [1;30mLevel 1[0m checking '/home/reefranger/ros2_test/src/usb_cam/install/usb_cam/bin'
[8.173s] [34mcolcon.colcon_core.shell[0m [1;30mINFO[0m Creating package script '/home/reefranger/ros2_test/src/usb_cam/install/usb_cam/share/usb_cam/package.ps1'
[8.174s] [34mcolcon.colcon_core.shell[0m [1;30mINFO[0m Creating package descriptor '/home/reefranger/ros2_test/src/usb_cam/install/usb_cam/share/usb_cam/package.dsv'
[8.174s] [34mcolcon.colcon_core.shell[0m [1;30mINFO[0m Creating package script '/home/reefranger/ros2_test/src/usb_cam/install/usb_cam/share/usb_cam/package.sh'
[8.174s] [34mcolcon.colcon_core.shell[0m [1;30mINFO[0m Creating package script '/home/reefranger/ros2_test/src/usb_cam/install/usb_cam/share/usb_cam/package.bash'
[8.174s] [34mcolcon.colcon_core.shell[0m [1;30mINFO[0m Creating package script '/home/reefranger/ros2_test/src/usb_cam/install/usb_cam/share/usb_cam/package.zsh'
[8.175s] [34mcolcon.colcon_core.environment[0m [1;30mLevel 1[0m create_file_with_runtime_dependencies(/home/reefranger/ros2_test/src/usb_cam/install/usb_cam/share/colcon-core/packages/usb_cam)
[8.175s] [34mcolcon.colcon_parallel_executor.executor.parallel[0m [1;30mDEBUG[0m [32mclosing loop[0m
[8.175s] [34mcolcon.colcon_parallel_executor.executor.parallel[0m [1;30mDEBUG[0m [32mloop closed[0m
[8.175s] [34mcolcon.colcon_parallel_executor.executor.parallel[0m [1;30mDEBUG[0m [32mrun_until_complete finished with '0'[0m
[8.175s] [34mcolcon.colcon_core.event_reactor[0m [1;30mDEBUG[0m [32mjoining thread[0m
[8.179s] [34mcolcon.colcon_core.plugin_system[0m [1;30mINFO[0m Skipping extension 'colcon_notification.desktop_notification.terminal_notifier': Not used on non-Darwin systems
[8.179s] [34mcolcon.colcon_core.plugin_system[0m [1;30mINFO[0m Skipping extension 'colcon_notification.desktop_notification.win32': Not used on non-Windows systems
[8.179s] [34mcolcon.colcon_notification.desktop_notification[0m [1;30mINFO[0m Sending desktop notification using 'notify2'
[8.187s] [34mcolcon.colcon_core.event_reactor[0m [1;30mDEBUG[0m [32mjoined thread[0m
[8.187s] [34mcolcon.colcon_core.shell[0m [1;30mINFO[0m Creating prefix script '/home/reefranger/ros2_test/src/usb_cam/install/local_setup.ps1'
[8.188s] [34mcolcon.colcon_core.shell[0m [1;30mINFO[0m Creating prefix util module '/home/reefranger/ros2_test/src/usb_cam/install/_local_setup_util_ps1.py'
[8.189s] [34mcolcon.colcon_core.shell[0m [1;30mINFO[0m Creating prefix chain script '/home/reefranger/ros2_test/src/usb_cam/install/setup.ps1'
[8.189s] [34mcolcon.colcon_core.shell[0m [1;30mINFO[0m Creating prefix script '/home/reefranger/ros2_test/src/usb_cam/install/local_setup.sh'
[8.190s] [34mcolcon.colcon_core.shell[0m [1;30mINFO[0m Creating prefix util module '/home/reefranger/ros2_test/src/usb_cam/install/_local_setup_util_sh.py'
[8.190s] [34mcolcon.colcon_core.shell[0m [1;30mINFO[0m Creating prefix chain script '/home/reefranger/ros2_test/src/usb_cam/install/setup.sh'
[8.190s] [34mcolcon.colcon_core.shell[0m [1;30mINFO[0m Creating prefix script '/home/reefranger/ros2_test/src/usb_cam/install/local_setup.bash'
[8.191s] [34mcolcon.colcon_core.shell[0m [1;30mINFO[0m Creating prefix chain script '/home/reefranger/ros2_test/src/usb_cam/install/setup.bash'
[8.191s] [34mcolcon.colcon_core.shell[0m [1;30mINFO[0m Creating prefix script '/home/reefranger/ros2_test/src/usb_cam/install/local_setup.zsh'
[8.192s] [34mcolcon.colcon_core.shell[0m [1;30mINFO[0m Creating prefix chain script '/home/reefranger/ros2_test/src/usb_cam/install/setup.zsh'
